Command: "npm" "run" "test:coverage"
Working directory: isolated temporary workspace
Expected exit code: 0
Observed exit code: 0

--- stdout ---

> ux-audit@0.1.0 test:coverage
> vitest run --coverage


 RUN  v4.1.10 /tmp/uxaudit-m01-evidence-7VtAWQ/workspace
      Coverage enabled with v8


 Test Files  4 passed (4)
      Tests  31 passed (31)
   Start at  09:40:02
   Duration  207ms (transform 115ms, setup 0ms, import 185ms, tests 35ms, environment 0ms)

 % Coverage report from v8
-------------------|---------|----------|---------|---------|-------------------
File               | % Stmts | % Branch | % Funcs | % Lines | Uncovered Line #s 
-------------------|---------|----------|---------|---------|-------------------
-------------------|---------|----------|---------|---------|-------------------

=============================== Coverage summary ===============================
Statements   : 100% ( 84/84 )
Branches     : 100% ( 34/34 )
Functions    : 100% ( 20/20 )
Lines        : 100% ( 84/84 )
================================================================================

--- stderr ---
(empty)
